{"stir_percentage": 25.0, "ocean": "O:4 C:4 E:3 A:2 N:3", "event": "stir_evaluated", "level": "info", "timestamp": "2026-06-23T14:32:13.246411Z"}
{"event": "HTTP Request: POST https://api.x.com/2/oauth2/token \"HTTP/1.1 401 Unauthorized\"", "level": "info", "timestamp": "2026-06-23T14:32:26.794450Z"}
{"status": 401, "body": "{\"error\":\"unauthorized_client\",\"error_description\":\"Missing valid authorization header\"}", "event": "oauth_pkce_refresh_failed", "level": "info", "timestamp": "2026-06-23T14:32:26.795874Z"}
{"error": "unauthorized_client", "error_description": "Missing valid authorization header", "event": "oauth_pkce_refresh_error_details", "level": "warning", "timestamp": "2026-06-23T14:32:26.797692Z"}
{"event": "HTTP Request: POST https://api.x.com/2/oauth2/token \"HTTP/1.1 400 Bad Request\"", "level": "info", "timestamp": "2026-06-23T14:32:26.946860Z"}
{"status": 400, "body": "{\"error\":\"invalid_request\",\"error_description\":\"Value passed for the token was invalid.\"}", "event": "oauth_basic_auth_refresh_failed", "level": "warning", "timestamp": "2026-06-23T14:32:26.947210Z"}
{"error": "invalid_request", "error_description": "Value passed for the token was invalid.", "event": "oauth_basic_auth_refresh_error_details", "level": "warning", "timestamp": "2026-06-23T14:32:26.947508Z"}
{"hint": "Refresh token may be expired", "event": "oauth_refresh_all_failed", "level": "warning", "timestamp": "2026-06-23T14:32:26.947930Z"}
{"has_current_token": true, "event": "oauth2_refresh_failed_continuing_with_existing_token", "level": "warning", "timestamp": "2026-06-23T14:32:26.948460Z"}
{"event": "HTTP Request: GET https://api.x.com/2/users/me \"HTTP/1.1 401 Unauthorized\"", "level": "info", "timestamp": "2026-06-23T14:32:27.414990Z"}
{"auth_user_id": null, "allow_user_subs": false, "event": "stream_authenticated_user_resolved", "level": "info", "timestamp": "2026-06-23T14:32:27.416575Z"}
{"url": "https://api.x.com/2/activity/subscriptions", "event_type": "post.create", "target_user_id": "2051911746969812998", "event": "stream_creating_subscription", "level": "info", "timestamp": "2026-06-23T14:32:27.417702Z"}
{"event": "HTTP Request: POST https://api.x.com/2/activity/subscriptions \"HTTP/1.1 401 Unauthorized\"", "level": "info", "timestamp": "2026-06-23T14:32:27.857141Z"}
{"event_type": "post.create", "status": 401, "body": "{\n  \"title\": \"Unauthorized\",\n  \"type\": \"about:blank\",\n  \"status\": 401,\n  \"detail\": \"Unauthorized\"\n}", "event": "stream_subscription_failed", "level": "warning", "timestamp": "2026-06-23T14:32:27.857742Z"}
{"url": "https://api.x.com/2/activity/subscriptions", "event_type": "post.delete", "target_user_id": "2051911746969812998", "event": "stream_creating_subscription", "level": "info", "timestamp": "2026-06-23T14:32:27.859295Z"}
{"event": "HTTP Request: POST https://api.x.com/2/activity/subscriptions \"HTTP/1.1 401 Unauthorized\"", "level": "info", "timestamp": "2026-06-23T14:32:28.270097Z"}
{"event_type": "post.delete", "status": 401, "body": "{\n  \"title\": \"Unauthorized\",\n  \"type\": \"about:blank\",\n  \"status\": 401,\n  \"detail\": \"Unauthorized\"\n}", "event": "stream_subscription_failed", "level": "warning", "timestamp": "2026-06-23T14:32:28.271068Z"}
{"event_type": "dm.received", "auth_user_id": null, "event": "stream_skipping_user_only_subscription_not_matching_auth", "level": "info", "timestamp": "2026-06-23T14:32:28.272460Z"}
{"event_type": "chat.received", "auth_user_id": null, "event": "stream_skipping_user_only_subscription_not_matching_auth", "level": "info", "timestamp": "2026-06-23T14:32:28.273183Z"}
{"hint": "Check OAuth 2.0 token validity. Run: python -c \"from tap.config import get_settings; s=get_settings(); print(s.twitter_oauth2_access_token[:20])\"", "event": "stream_all_subscriptions_failed", "level": "error", "timestamp": "2026-06-23T14:32:28.276487Z"}
{"error": "All subscription attempts failed \u2014 cannot connect to stream. OAuth 2.0 token may be expired. Refresh it or check credentials.", "reconnect_in": 60, "is_auth_failure": true, "event": "stream_connection_lost", "level": "warning", "timestamp": "2026-06-23T14:32:28.277562Z"}
{"stir_percentage": 20.0, "ocean": "O:3 C:4 E:3 A:2 N:3", "event": "stir_evaluated", "level": "info", "timestamp": "2026-06-23T14:32:34.919680Z"}
{"stir_percentage": 25.0, "ocean": "O:4 C:4 E:3 A:2 N:3", "event": "stir_evaluated", "level": "info", "timestamp": "2026-06-23T14:32:34.921722Z"}
{"event": "HTTP Request: POST https://api.x.com/2/oauth2/token \"HTTP/1.1 401 Unauthorized\"", "level": "info", "timestamp": "2026-06-23T14:33:28.708525Z"}
{"status": 401, "body": "{\"error\":\"unauthorized_client\",\"error_description\":\"Missing valid authorization header\"}", "event": "oauth_pkce_refresh_failed", "level": "info", "timestamp": "2026-06-23T14:33:28.711333Z"}
{"error": "unauthorized_client", "error_description": "Missing valid authorization header", "event": "oauth_pkce_refresh_error_details", "level": "warning", "timestamp": "2026-06-23T14:33:28.712901Z"}
{"event": "HTTP Request: POST https://api.x.com/2/oauth2/token \"HTTP/1.1 400 Bad Request\"", "level": "info", "timestamp": "2026-06-23T14:33:28.850783Z"}
{"status": 400, "body": "{\"error\":\"invalid_request\",\"error_description\":\"Value passed for the token was invalid.\"}", "event": "oauth_basic_auth_refresh_failed", "level": "warning", "timestamp": "2026-06-23T14:33:28.851852Z"}
{"error": "invalid_request", "error_description": "Value passed for the token was invalid.", "event": "oauth_basic_auth_refresh_error_details", "level": "warning", "timestamp": "2026-06-23T14:33:28.852603Z"}
{"hint": "Refresh token may be expired", "event": "oauth_refresh_all_failed", "level": "warning", "timestamp": "2026-06-23T14:33:28.854392Z"}
{"has_current_token": true, "event": "oauth2_refresh_failed_continuing_with_existing_token", "level": "warning", "timestamp": "2026-06-23T14:33:28.855529Z"}
{"event": "HTTP Request: GET https://api.x.com/2/users/me \"HTTP/1.1 401 Unauthorized\"", "level": "info", "timestamp": "2026-06-23T14:33:29.349785Z"}
{"auth_user_id": null, "allow_user_subs": false, "event": "stream_authenticated_user_resolved", "level": "info", "timestamp": "2026-06-23T14:33:29.350587Z"}
{"url": "https://api.x.com/2/activity/subscriptions", "event_type": "post.create", "target_user_id": "2051911746969812998", "event": "stream_creating_subscription", "level": "info", "timestamp": "2026-06-23T14:33:29.351201Z"}
{"event": "HTTP Request: POST https://api.x.com/2/activity/subscriptions \"HTTP/1.1 401 Unauthorized\"", "level": "info", "timestamp": "2026-06-23T14:33:29.771438Z"}
{"event_type": "post.create", "status": 401, "body": "{\n  \"title\": \"Unauthorized\",\n  \"type\": \"about:blank\",\n  \"status\": 401,\n  \"detail\": \"Unauthorized\"\n}", "event": "stream_subscription_failed", "level": "warning", "timestamp": "2026-06-23T14:33:29.772614Z"}
{"url": "https://api.x.com/2/activity/subscriptions", "event_type": "post.delete", "target_user_id": "2051911746969812998", "event": "stream_creating_subscription", "level": "info", "timestamp": "2026-06-23T14:33:29.775447Z"}
{"event": "HTTP Request: POST https://api.x.com/2/activity/subscriptions \"HTTP/1.1 401 Unauthorized\"", "level": "info", "timestamp": "2026-06-23T14:33:30.239944Z"}
{"event_type": "post.delete", "status": 401, "body": "{\n  \"title\": \"Unauthorized\",\n  \"type\": \"about:blank\",\n  \"status\": 401,\n  \"detail\": \"Unauthorized\"\n}", "event": "stream_subscription_failed", "level": "warning", "timestamp": "2026-06-23T14:33:30.240965Z"}
{"event_type": "dm.received", "auth_user_id": null, "event": "stream_skipping_user_only_subscription_not_matching_auth", "level": "info", "timestamp": "2026-06-23T14:33:30.243439Z"}
{"event_type": "chat.received", "auth_user_id": null, "event": "stream_skipping_user_only_subscription_not_matching_auth", "level": "info", "timestamp": "2026-06-23T14:33:30.244953Z"}
{"hint": "Check OAuth 2.0 token validity. Run: python -c \"from tap.config import get_settings; s=get_settings(); print(s.twitter_oauth2_access_token[:20])\"", "event": "stream_all_subscriptions_failed", "level": "error", "timestamp": "2026-06-23T14:33:30.245919Z"}
{"error": "All subscription attempts failed \u2014 cannot connect to stream. OAuth 2.0 token may be expired. Refresh it or check credentials.", "reconnect_in": 60, "is_auth_failure": true, "event": "stream_connection_lost", "level": "warning", "timestamp": "2026-06-23T14:33:30.247717Z"}
{"event": "HTTP Request: POST https://api.x.com/2/oauth2/token \"HTTP/1.1 401 Unauthorized\"", "level": "info", "timestamp": "2026-06-23T14:34:30.732919Z"}
{"status": 401, "body": "{\"error\":\"unauthorized_client\",\"error_description\":\"Missing valid authorization header\"}", "event": "oauth_pkce_refresh_failed", "level": "info", "timestamp": "2026-06-23T14:34:30.733470Z"}
{"error": "unauthorized_client", "error_description": "Missing valid authorization header", "event": "oauth_pkce_refresh_error_details", "level": "warning", "timestamp": "2026-06-23T14:34:30.735146Z"}
{"event": "HTTP Request: POST https://api.x.com/2/oauth2/token \"HTTP/1.1 400 Bad Request\"", "level": "info", "timestamp": "2026-06-23T14:34:30.870395Z"}
{"status": 400, "body": "{\"error\":\"invalid_request\",\"error_description\":\"Value passed for the token was invalid.\"}", "event": "oauth_basic_auth_refresh_failed", "level": "warning", "timestamp": "2026-06-23T14:34:30.873699Z"}
{"error": "invalid_request", "error_description": "Value passed for the token was invalid.", "event": "oauth_basic_auth_refresh_error_details", "level": "warning", "timestamp": "2026-06-23T14:34:30.875488Z"}
{"hint": "Refresh token may be expired", "event": "oauth_refresh_all_failed", "level": "warning", "timestamp": "2026-06-23T14:34:30.877398Z"}
{"has_current_token": true, "event": "oauth2_refresh_failed_continuing_with_existing_token", "level": "warning", "timestamp": "2026-06-23T14:34:30.878207Z"}
{"event": "HTTP Request: GET https://api.x.com/2/users/me \"HTTP/1.1 401 Unauthorized\"", "level": "info", "timestamp": "2026-06-23T14:34:31.289907Z"}
{"auth_user_id": null, "allow_user_subs": false, "event": "stream_authenticated_user_resolved", "level": "info", "timestamp": "2026-06-23T14:34:31.290299Z"}
{"url": "https://api.x.com/2/activity/subscriptions", "event_type": "post.create", "target_user_id": "2051911746969812998", "event": "stream_creating_subscription", "level": "info", "timestamp": "2026-06-23T14:34:31.290608Z"}
{"event": "HTTP Request: POST https://api.x.com/2/activity/subscriptions \"HTTP/1.1 401 Unauthorized\"", "level": "info", "timestamp": "2026-06-23T14:34:31.745505Z"}
{"event_type": "post.create", "status": 401, "body": "{\n  \"title\": \"Unauthorized\",\n  \"type\": \"about:blank\",\n  \"status\": 401,\n  \"detail\": \"Unauthorized\"\n}", "event": "stream_subscription_failed", "level": "warning", "timestamp": "2026-06-23T14:34:31.746674Z"}
{"url": "https://api.x.com/2/activity/subscriptions", "event_type": "post.delete", "target_user_id": "2051911746969812998", "event": "stream_creating_subscription", "level": "info", "timestamp": "2026-06-23T14:34:31.747321Z"}
{"event": "HTTP Request: POST https://api.x.com/2/activity/subscriptions \"HTTP/1.1 401 Unauthorized\"", "level": "info", "timestamp": "2026-06-23T14:34:32.178159Z"}
{"event_type": "post.delete", "status": 401, "body": "{\n  \"title\": \"Unauthorized\",\n  \"type\": \"about:blank\",\n  \"status\": 401,\n  \"detail\": \"Unauthorized\"\n}", "event": "stream_subscription_failed", "level": "warning", "timestamp": "2026-06-23T14:34:32.179920Z"}
{"event_type": "dm.received", "auth_user_id": null, "event": "stream_skipping_user_only_subscription_not_matching_auth", "level": "info", "timestamp": "2026-06-23T14:34:32.182500Z"}
{"event_type": "chat.received", "auth_user_id": null, "event": "stream_skipping_user_only_subscription_not_matching_auth", "level": "info", "timestamp": "2026-06-23T14:34:32.184159Z"}
{"hint": "Check OAuth 2.0 token validity. Run: python -c \"from tap.config import get_settings; s=get_settings(); print(s.twitter_oauth2_access_token[:20])\"", "event": "stream_all_subscriptions_failed", "level": "error", "timestamp": "2026-06-23T14:34:32.185599Z"}
{"error": "All subscription attempts failed \u2014 cannot connect to stream. OAuth 2.0 token may be expired. Refresh it or check credentials.", "reconnect_in": 60, "is_auth_failure": true, "event": "stream_connection_lost", "level": "warning", "timestamp": "2026-06-23T14:34:32.187076Z"}
{"stir_percentage": 25.0, "ocean": "O:4 C:4 E:3 A:2 N:3", "event": "stir_evaluated", "level": "info", "timestamp": "2026-06-23T14:34:35.368456Z"}
{"stir_percentage": 25.0, "ocean": "O:4 C:4 E:3 A:2 N:3", "event": "stir_evaluated", "level": "info", "timestamp": "2026-06-23T14:35:13.889032Z"}
{"event": "HTTP Request: POST https://api.x.com/2/oauth2/token \"HTTP/1.1 401 Unauthorized\"", "level": "info", "timestamp": "2026-06-23T14:35:32.665211Z"}
{"status": 401, "body": "{\"error\":\"unauthorized_client\",\"error_description\":\"Missing valid authorization header\"}", "event": "oauth_pkce_refresh_failed", "level": "info", "timestamp": "2026-06-23T14:35:32.665547Z"}
{"error": "unauthorized_client", "error_description": "Missing valid authorization header", "event": "oauth_pkce_refresh_error_details", "level": "warning", "timestamp": "2026-06-23T14:35:32.665844Z"}
{"event": "HTTP Request: POST https://api.x.com/2/oauth2/token \"HTTP/1.1 400 Bad Request\"", "level": "info", "timestamp": "2026-06-23T14:35:32.812963Z"}
{"status": 400, "body": "{\"error\":\"invalid_request\",\"error_description\":\"Value passed for the token was invalid.\"}", "event": "oauth_basic_auth_refresh_failed", "level": "warning", "timestamp": "2026-06-23T14:35:32.815402Z"}
{"error": "invalid_request", "error_description": "Value passed for the token was invalid.", "event": "oauth_basic_auth_refresh_error_details", "level": "warning", "timestamp": "2026-06-23T14:35:32.819064Z"}
{"hint": "Refresh token may be expired", "event": "oauth_refresh_all_failed", "level": "warning", "timestamp": "2026-06-23T14:35:32.824949Z"}
{"has_current_token": true, "event": "oauth2_refresh_failed_continuing_with_existing_token", "level": "warning", "timestamp": "2026-06-23T14:35:32.825437Z"}
{"event": "HTTP Request: GET https://api.x.com/2/users/me \"HTTP/1.1 401 Unauthorized\"", "level": "info", "timestamp": "2026-06-23T14:35:33.250242Z"}
{"auth_user_id": null, "allow_user_subs": false, "event": "stream_authenticated_user_resolved", "level": "info", "timestamp": "2026-06-23T14:35:33.251613Z"}
{"url": "https://api.x.com/2/activity/subscriptions", "event_type": "post.create", "target_user_id": "2051911746969812998", "event": "stream_creating_subscription", "level": "info", "timestamp": "2026-06-23T14:35:33.253695Z"}
{"event": "HTTP Request: POST https://api.x.com/2/activity/subscriptions \"HTTP/1.1 401 Unauthorized\"", "level": "info", "timestamp": "2026-06-23T14:35:33.688899Z"}
{"event_type": "post.create", "status": 401, "body": "{\n  \"title\": \"Unauthorized\",\n  \"type\": \"about:blank\",\n  \"status\": 401,\n  \"detail\": \"Unauthorized\"\n}", "event": "stream_subscription_failed", "level": "warning", "timestamp": "2026-06-23T14:35:33.689417Z"}
{"url": "https://api.x.com/2/activity/subscriptions", "event_type": "post.delete", "target_user_id": "2051911746969812998", "event": "stream_creating_subscription", "level": "info", "timestamp": "2026-06-23T14:35:33.690240Z"}
{"event": "HTTP Request: POST https://api.x.com/2/activity/subscriptions \"HTTP/1.1 401 Unauthorized\"", "level": "info", "timestamp": "2026-06-23T14:35:34.102167Z"}
{"event_type": "post.delete", "status": 401, "body": "{\n  \"title\": \"Unauthorized\",\n  \"type\": \"about:blank\",\n  \"status\": 401,\n  \"detail\": \"Unauthorized\"\n}", "event": "stream_subscription_failed", "level": "warning", "timestamp": "2026-06-23T14:35:34.102493Z"}
{"event_type": "dm.received", "auth_user_id": null, "event": "stream_skipping_user_only_subscription_not_matching_auth", "level": "info", "timestamp": "2026-06-23T14:35:34.102950Z"}
{"event_type": "chat.received", "auth_user_id": null, "event": "stream_skipping_user_only_subscription_not_matching_auth", "level": "info", "timestamp": "2026-06-23T14:35:34.103515Z"}
{"hint": "Check OAuth 2.0 token validity. Run: python -c \"from tap.config import get_settings; s=get_settings(); print(s.twitter_oauth2_access_token[:20])\"", "event": "stream_all_subscriptions_failed", "level": "error", "timestamp": "2026-06-23T14:35:34.104000Z"}
{"error": "All subscription attempts failed \u2014 cannot connect to stream. OAuth 2.0 token may be expired. Refresh it or check credentials.", "reconnect_in": 60, "is_auth_failure": true, "event": "stream_connection_lost", "level": "warning", "timestamp": "2026-06-23T14:35:34.104404Z"}
{"event": "HTTP Request: POST https://api.x.com/2/oauth2/token \"HTTP/1.1 401 Unauthorized\"", "level": "info", "timestamp": "2026-06-23T14:36:34.594195Z"}
{"status": 401, "body": "{\"error\":\"unauthorized_client\",\"error_description\":\"Missing valid authorization header\"}", "event": "oauth_pkce_refresh_failed", "level": "info", "timestamp": "2026-06-23T14:36:34.594910Z"}
{"error": "unauthorized_client", "error_description": "Missing valid authorization header", "event": "oauth_pkce_refresh_error_details", "level": "warning", "timestamp": "2026-06-23T14:36:34.595394Z"}
{"event": "HTTP Request: POST https://api.x.com/2/oauth2/token \"HTTP/1.1 400 Bad Request\"", "level": "info", "timestamp": "2026-06-23T14:36:34.735562Z"}
{"status": 400, "body": "{\"error\":\"invalid_request\",\"error_description\":\"Value passed for the token was invalid.\"}", "event": "oauth_basic_auth_refresh_failed", "level": "warning", "timestamp": "2026-06-23T14:36:34.736565Z"}
{"error": "invalid_request", "error_description": "Value passed for the token was invalid.", "event": "oauth_basic_auth_refresh_error_details", "level": "warning", "timestamp": "2026-06-23T14:36:34.737248Z"}
{"hint": "Refresh token may be expired", "event": "oauth_refresh_all_failed", "level": "warning", "timestamp": "2026-06-23T14:36:34.741103Z"}
{"has_current_token": true, "event": "oauth2_refresh_failed_continuing_with_existing_token", "level": "warning", "timestamp": "2026-06-23T14:36:34.741864Z"}
{"event": "HTTP Request: GET https://api.x.com/2/users/me \"HTTP/1.1 401 Unauthorized\"", "level": "info", "timestamp": "2026-06-23T14:36:35.214731Z"}
{"auth_user_id": null, "allow_user_subs": false, "event": "stream_authenticated_user_resolved", "level": "info", "timestamp": "2026-06-23T14:36:35.215319Z"}
{"url": "https://api.x.com/2/activity/subscriptions", "event_type": "post.create", "target_user_id": "2051911746969812998", "event": "stream_creating_subscription", "level": "info", "timestamp": "2026-06-23T14:36:35.215784Z"}
{"event": "HTTP Request: POST https://api.x.com/2/activity/subscriptions \"HTTP/1.1 401 Unauthorized\"", "level": "info", "timestamp": "2026-06-23T14:36:35.623721Z"}
{"event_type": "post.create", "status": 401, "body": "{\n  \"title\": \"Unauthorized\",\n  \"type\": \"about:blank\",\n  \"status\": 401,\n  \"detail\": \"Unauthorized\"\n}", "event": "stream_subscription_failed", "level": "warning", "timestamp": "2026-06-23T14:36:35.624881Z"}
{"url": "https://api.x.com/2/activity/subscriptions", "event_type": "post.delete", "target_user_id": "2051911746969812998", "event": "stream_creating_subscription", "level": "info", "timestamp": "2026-06-23T14:36:35.626870Z"}
{"event": "HTTP Request: POST https://api.x.com/2/activity/subscriptions \"HTTP/1.1 401 Unauthorized\"", "level": "info", "timestamp": "2026-06-23T14:36:36.099226Z"}
{"event_type": "post.delete", "status": 401, "body": "{\n  \"title\": \"Unauthorized\",\n  \"type\": \"about:blank\",\n  \"status\": 401,\n  \"detail\": \"Unauthorized\"\n}", "event": "stream_subscription_failed", "level": "warning", "timestamp": "2026-06-23T14:36:36.101448Z"}
{"event_type": "dm.received", "auth_user_id": null, "event": "stream_skipping_user_only_subscription_not_matching_auth", "level": "info", "timestamp": "2026-06-23T14:36:36.104175Z"}
{"event_type": "chat.received", "auth_user_id": null, "event": "stream_skipping_user_only_subscription_not_matching_auth", "level": "info", "timestamp": "2026-06-23T14:36:36.109393Z"}
{"hint": "Check OAuth 2.0 token validity. Run: python -c \"from tap.config import get_settings; s=get_settings(); print(s.twitter_oauth2_access_token[:20])\"", "event": "stream_all_subscriptions_failed", "level": "error", "timestamp": "2026-06-23T14:36:36.109954Z"}
{"error": "All subscription attempts failed \u2014 cannot connect to stream. OAuth 2.0 token may be expired. Refresh it or check credentials.", "reconnect_in": 60, "is_auth_failure": true, "event": "stream_connection_lost", "level": "warning", "timestamp": "2026-06-23T14:36:36.110360Z"}
{"stir_percentage": 15.0, "ocean": "O:3 C:4 E:2 A:2 N:3", "event": "stir_evaluated", "level": "info", "timestamp": "2026-06-23T14:37:14.419187Z"}
{"stir_percentage": 15.0, "ocean": "O:3 C:4 E:2 A:2 N:3", "event": "stir_evaluated", "level": "info", "timestamp": "2026-06-23T14:37:36.396478Z"}
{"event": "HTTP Request: POST https://api.x.com/2/oauth2/token \"HTTP/1.1 401 Unauthorized\"", "level": "info", "timestamp": "2026-06-23T14:37:36.568503Z"}
{"status": 401, "body": "{\"error\":\"unauthorized_client\",\"error_description\":\"Missing valid authorization header\"}", "event": "oauth_pkce_refresh_failed", "level": "info", "timestamp": "2026-06-23T14:37:36.569559Z"}
{"error": "unauthorized_client", "error_description": "Missing valid authorization header", "event": "oauth_pkce_refresh_error_details", "level": "warning", "timestamp": "2026-06-23T14:37:36.570715Z"}
{"event": "HTTP Request: POST https://api.x.com/2/oauth2/token \"HTTP/1.1 400 Bad Request\"", "level": "info", "timestamp": "2026-06-23T14:37:36.710388Z"}
{"status": 400, "body": "{\"error\":\"invalid_request\",\"error_description\":\"Value passed for the token was invalid.\"}", "event": "oauth_basic_auth_refresh_failed", "level": "warning", "timestamp": "2026-06-23T14:37:36.710967Z"}
{"error": "invalid_request", "error_description": "Value passed for the token was invalid.", "event": "oauth_basic_auth_refresh_error_details", "level": "warning", "timestamp": "2026-06-23T14:37:36.711484Z"}
{"hint": "Refresh token may be expired", "event": "oauth_refresh_all_failed", "level": "warning", "timestamp": "2026-06-23T14:37:36.712170Z"}
{"has_current_token": true, "event": "oauth2_refresh_failed_continuing_with_existing_token", "level": "warning", "timestamp": "2026-06-23T14:37:36.712581Z"}
{"event": "HTTP Request: GET https://api.x.com/2/users/me \"HTTP/1.1 401 Unauthorized\"", "level": "info", "timestamp": "2026-06-23T14:37:37.130541Z"}
{"auth_user_id": null, "allow_user_subs": false, "event": "stream_authenticated_user_resolved", "level": "info", "timestamp": "2026-06-23T14:37:37.130930Z"}
{"url": "https://api.x.com/2/activity/subscriptions", "event_type": "post.create", "target_user_id": "2051911746969812998", "event": "stream_creating_subscription", "level": "info", "timestamp": "2026-06-23T14:37:37.131254Z"}
{"event": "HTTP Request: POST https://api.x.com/2/activity/subscriptions \"HTTP/1.1 401 Unauthorized\"", "level": "info", "timestamp": "2026-06-23T14:37:37.553902Z"}
{"event_type": "post.create", "status": 401, "body": "{\n  \"title\": \"Unauthorized\",\n  \"type\": \"about:blank\",\n  \"status\": 401,\n  \"detail\": \"Unauthorized\"\n}", "event": "stream_subscription_failed", "level": "warning", "timestamp": "2026-06-23T14:37:37.554870Z"}
{"url": "https://api.x.com/2/activity/subscriptions", "event_type": "post.delete", "target_user_id": "2051911746969812998", "event": "stream_creating_subscription", "level": "info", "timestamp": "2026-06-23T14:37:37.557285Z"}
{"event": "HTTP Request: POST https://api.x.com/2/activity/subscriptions \"HTTP/1.1 401 Unauthorized\"", "level": "info", "timestamp": "2026-06-23T14:37:37.997671Z"}
{"event_type": "post.delete", "status": 401, "body": "{\n  \"title\": \"Unauthorized\",\n  \"type\": \"about:blank\",\n  \"status\": 401,\n  \"detail\": \"Unauthorized\"\n}", "event": "stream_subscription_failed", "level": "warning", "timestamp": "2026-06-23T14:37:37.998000Z"}
{"event_type": "dm.received", "auth_user_id": null, "event": "stream_skipping_user_only_subscription_not_matching_auth", "level": "info", "timestamp": "2026-06-23T14:37:37.998449Z"}
{"event_type": "chat.received", "auth_user_id": null, "event": "stream_skipping_user_only_subscription_not_matching_auth", "level": "info", "timestamp": "2026-06-23T14:37:37.998710Z"}
{"hint": "Check OAuth 2.0 token validity. Run: python -c \"from tap.config import get_settings; s=get_settings(); print(s.twitter_oauth2_access_token[:20])\"", "event": "stream_all_subscriptions_failed", "level": "error", "timestamp": "2026-06-23T14:37:37.998855Z"}
{"error": "All subscription attempts failed \u2014 cannot connect to stream. OAuth 2.0 token may be expired. Refresh it or check credentials.", "reconnect_in": 60, "is_auth_failure": true, "event": "stream_connection_lost", "level": "warning", "timestamp": "2026-06-23T14:37:37.998982Z"}
{"event": "HTTP Request: POST https://api.x.com/2/oauth2/token \"HTTP/1.1 401 Unauthorized\"", "level": "info", "timestamp": "2026-06-23T14:38:38.510658Z"}
{"status": 401, "body": "{\"error\":\"unauthorized_client\",\"error_description\":\"Missing valid authorization header\"}", "event": "oauth_pkce_refresh_failed", "level": "info", "timestamp": "2026-06-23T14:38:38.511717Z"}
{"error": "unauthorized_client", "error_description": "Missing valid authorization header", "event": "oauth_pkce_refresh_error_details", "level": "warning", "timestamp": "2026-06-23T14:38:38.512758Z"}
{"event": "HTTP Request: POST https://api.x.com/2/oauth2/token \"HTTP/1.1 400 Bad Request\"", "level": "info", "timestamp": "2026-06-23T14:38:38.648430Z"}
{"status": 400, "body": "{\"error\":\"invalid_request\",\"error_description\":\"Value passed for the token was invalid.\"}", "event": "oauth_basic_auth_refresh_failed", "level": "warning", "timestamp": "2026-06-23T14:38:38.649005Z"}
{"error": "invalid_request", "error_description": "Value passed for the token was invalid.", "event": "oauth_basic_auth_refresh_error_details", "level": "warning", "timestamp": "2026-06-23T14:38:38.649623Z"}
{"hint": "Refresh token may be expired", "event": "oauth_refresh_all_failed", "level": "warning", "timestamp": "2026-06-23T14:38:38.650211Z"}
{"has_current_token": true, "event": "oauth2_refresh_failed_continuing_with_existing_token", "level": "warning", "timestamp": "2026-06-23T14:38:38.650639Z"}
{"event": "HTTP Request: GET https://api.x.com/2/users/me \"HTTP/1.1 401 Unauthorized\"", "level": "info", "timestamp": "2026-06-23T14:38:39.081622Z"}
{"auth_user_id": null, "allow_user_subs": false, "event": "stream_authenticated_user_resolved", "level": "info", "timestamp": "2026-06-23T14:38:39.082709Z"}
{"url": "https://api.x.com/2/activity/subscriptions", "event_type": "post.create", "target_user_id": "2051911746969812998", "event": "stream_creating_subscription", "level": "info", "timestamp": "2026-06-23T14:38:39.083394Z"}
{"event": "HTTP Request: POST https://api.x.com/2/activity/subscriptions \"HTTP/1.1 401 Unauthorized\"", "level": "info", "timestamp": "2026-06-23T14:38:39.560750Z"}
{"event_type": "post.create", "status": 401, "body": "{\n  \"title\": \"Unauthorized\",\n  \"type\": \"about:blank\",\n  \"status\": 401,\n  \"detail\": \"Unauthorized\"\n}", "event": "stream_subscription_failed", "level": "warning", "timestamp": "2026-06-23T14:38:39.561465Z"}
{"url": "https://api.x.com/2/activity/subscriptions", "event_type": "post.delete", "target_user_id": "2051911746969812998", "event": "stream_creating_subscription", "level": "info", "timestamp": "2026-06-23T14:38:39.562525Z"}
{"event": "HTTP Request: POST https://api.x.com/2/activity/subscriptions \"HTTP/1.1 401 Unauthorized\"", "level": "info", "timestamp": "2026-06-23T14:38:39.982896Z"}
{"event_type": "post.delete", "status": 401, "body": "{\n  \"title\": \"Unauthorized\",\n  \"type\": \"about:blank\",\n  \"status\": 401,\n  \"detail\": \"Unauthorized\"\n}", "event": "stream_subscription_failed", "level": "warning", "timestamp": "2026-06-23T14:38:39.984431Z"}
{"event_type": "dm.received", "auth_user_id": null, "event": "stream_skipping_user_only_subscription_not_matching_auth", "level": "info", "timestamp": "2026-06-23T14:38:39.987903Z"}
{"event_type": "chat.received", "auth_user_id": null, "event": "stream_skipping_user_only_subscription_not_matching_auth", "level": "info", "timestamp": "2026-06-23T14:38:39.989258Z"}
{"hint": "Check OAuth 2.0 token validity. Run: python -c \"from tap.config import get_settings; s=get_settings(); print(s.twitter_oauth2_access_token[:20])\"", "event": "stream_all_subscriptions_failed", "level": "error", "timestamp": "2026-06-23T14:38:39.990933Z"}
{"error": "All subscription attempts failed \u2014 cannot connect to stream. OAuth 2.0 token may be expired. Refresh it or check credentials.", "reconnect_in": 60, "is_auth_failure": true, "event": "stream_connection_lost", "level": "warning", "timestamp": "2026-06-23T14:38:39.991835Z"}
{"event": "HTTP Request: POST https://api.x.com/2/oauth2/token \"HTTP/1.1 401 Unauthorized\"", "level": "info", "timestamp": "2026-06-23T14:39:40.398399Z"}
{"status": 401, "body": "{\"error\":\"unauthorized_client\",\"error_description\":\"Missing valid authorization header\"}", "event": "oauth_pkce_refresh_failed", "level": "info", "timestamp": "2026-06-23T14:39:40.399593Z"}
{"error": "unauthorized_client", "error_description": "Missing valid authorization header", "event": "oauth_pkce_refresh_error_details", "level": "warning", "timestamp": "2026-06-23T14:39:40.400446Z"}
{"event": "HTTP Request: POST https://api.x.com/2/oauth2/token \"HTTP/1.1 400 Bad Request\"", "level": "info", "timestamp": "2026-06-23T14:39:40.538880Z"}
{"status": 400, "body": "{\"error\":\"invalid_request\",\"error_description\":\"Value passed for the token was invalid.\"}", "event": "oauth_basic_auth_refresh_failed", "level": "warning", "timestamp": "2026-06-23T14:39:40.541199Z"}
{"error": "invalid_request", "error_description": "Value passed for the token was invalid.", "event": "oauth_basic_auth_refresh_error_details", "level": "warning", "timestamp": "2026-06-23T14:39:40.541928Z"}
{"hint": "Refresh token may be expired", "event": "oauth_refresh_all_failed", "level": "warning", "timestamp": "2026-06-23T14:39:40.544554Z"}
{"has_current_token": true, "event": "oauth2_refresh_failed_continuing_with_existing_token", "level": "warning", "timestamp": "2026-06-23T14:39:40.545909Z"}
{"event": "HTTP Request: GET https://api.x.com/2/users/me \"HTTP/1.1 401 Unauthorized\"", "level": "info", "timestamp": "2026-06-23T14:39:41.001553Z"}
{"auth_user_id": null, "allow_user_subs": false, "event": "stream_authenticated_user_resolved", "level": "info", "timestamp": "2026-06-23T14:39:41.002510Z"}
{"url": "https://api.x.com/2/activity/subscriptions", "event_type": "post.create", "target_user_id": "2051911746969812998", "event": "stream_creating_subscription", "level": "info", "timestamp": "2026-06-23T14:39:41.003465Z"}
{"event": "HTTP Request: POST https://api.x.com/2/activity/subscriptions \"HTTP/1.1 401 Unauthorized\"", "level": "info", "timestamp": "2026-06-23T14:39:41.415838Z"}
{"event_type": "post.create", "status": 401, "body": "{\n  \"title\": \"Unauthorized\",\n  \"type\": \"about:blank\",\n  \"status\": 401,\n  \"detail\": \"Unauthorized\"\n}", "event": "stream_subscription_failed", "level": "warning", "timestamp": "2026-06-23T14:39:41.416306Z"}
{"url": "https://api.x.com/2/activity/subscriptions", "event_type": "post.delete", "target_user_id": "2051911746969812998", "event": "stream_creating_subscription", "level": "info", "timestamp": "2026-06-23T14:39:41.416993Z"}
{"event": "HTTP Request: POST https://api.x.com/2/activity/subscriptions \"HTTP/1.1 401 Unauthorized\"", "level": "info", "timestamp": "2026-06-23T14:39:41.838181Z"}
{"event_type": "post.delete", "status": 401, "body": "{\n  \"title\": \"Unauthorized\",\n  \"type\": \"about:blank\",\n  \"status\": 401,\n  \"detail\": \"Unauthorized\"\n}", "event": "stream_subscription_failed", "level": "warning", "timestamp": "2026-06-23T14:39:41.839141Z"}
{"event_type": "dm.received", "auth_user_id": null, "event": "stream_skipping_user_only_subscription_not_matching_auth", "level": "info", "timestamp": "2026-06-23T14:39:41.841027Z"}
{"event_type": "chat.received", "auth_user_id": null, "event": "stream_skipping_user_only_subscription_not_matching_auth", "level": "info", "timestamp": "2026-06-23T14:39:41.842285Z"}
{"hint": "Check OAuth 2.0 token validity. Run: python -c \"from tap.config import get_settings; s=get_settings(); print(s.twitter_oauth2_access_token[:20])\"", "event": "stream_all_subscriptions_failed", "level": "error", "timestamp": "2026-06-23T14:39:41.842942Z"}
{"error": "All subscription attempts failed \u2014 cannot connect to stream. OAuth 2.0 token may be expired. Refresh it or check credentials.", "reconnect_in": 60, "is_auth_failure": true, "event": "stream_connection_lost", "level": "warning", "timestamp": "2026-06-23T14:39:41.843534Z"}
{"event": "HTTP Request: POST https://api.x.com/2/oauth2/token \"HTTP/1.1 401 Unauthorized\"", "level": "info", "timestamp": "2026-06-23T14:40:42.288620Z"}
{"status": 401, "body": "{\"error\":\"unauthorized_client\",\"error_description\":\"Missing valid authorization header\"}", "event": "oauth_pkce_refresh_failed", "level": "info", "timestamp": "2026-06-23T14:40:42.289144Z"}
{"error": "unauthorized_client", "error_description": "Missing valid authorization header", "event": "oauth_pkce_refresh_error_details", "level": "warning", "timestamp": "2026-06-23T14:40:42.289704Z"}
{"event": "HTTP Request: POST https://api.x.com/2/oauth2/token \"HTTP/1.1 400 Bad Request\"", "level": "info", "timestamp": "2026-06-23T14:40:42.431695Z"}
{"status": 400, "body": "{\"error\":\"invalid_request\",\"error_description\":\"Value passed for the token was invalid.\"}", "event": "oauth_basic_auth_refresh_failed", "level": "warning", "timestamp": "2026-06-23T14:40:42.432678Z"}
{"error": "invalid_request", "error_description": "Value passed for the token was invalid.", "event": "oauth_basic_auth_refresh_error_details", "level": "warning", "timestamp": "2026-06-23T14:40:42.433573Z"}
{"hint": "Refresh token may be expired", "event": "oauth_refresh_all_failed", "level": "warning", "timestamp": "2026-06-23T14:40:42.434648Z"}
{"has_current_token": true, "event": "oauth2_refresh_failed_continuing_with_existing_token", "level": "warning", "timestamp": "2026-06-23T14:40:42.435190Z"}
{"event": "HTTP Request: GET https://api.x.com/2/users/me \"HTTP/1.1 401 Unauthorized\"", "level": "info", "timestamp": "2026-06-23T14:40:42.878066Z"}
{"auth_user_id": null, "allow_user_subs": false, "event": "stream_authenticated_user_resolved", "level": "info", "timestamp": "2026-06-23T14:40:42.879223Z"}
{"url": "https://api.x.com/2/activity/subscriptions", "event_type": "post.create", "target_user_id": "2051911746969812998", "event": "stream_creating_subscription", "level": "info", "timestamp": "2026-06-23T14:40:42.880179Z"}
{"event": "HTTP Request: POST https://api.x.com/2/activity/subscriptions \"HTTP/1.1 401 Unauthorized\"", "level": "info", "timestamp": "2026-06-23T14:40:43.298344Z"}
{"event_type": "post.create", "status": 401, "body": "{\n  \"title\": \"Unauthorized\",\n  \"type\": \"about:blank\",\n  \"status\": 401,\n  \"detail\": \"Unauthorized\"\n}", "event": "stream_subscription_failed", "level": "warning", "timestamp": "2026-06-23T14:40:43.298844Z"}
{"url": "https://api.x.com/2/activity/subscriptions", "event_type": "post.delete", "target_user_id": "2051911746969812998", "event": "stream_creating_subscription", "level": "info", "timestamp": "2026-06-23T14:40:43.299511Z"}
{"event": "HTTP Request: POST https://api.x.com/2/activity/subscriptions \"HTTP/1.1 401 Unauthorized\"", "level": "info", "timestamp": "2026-06-23T14:40:43.783244Z"}
{"event_type": "post.delete", "status": 401, "body": "{\n  \"title\": \"Unauthorized\",\n  \"type\": \"about:blank\",\n  \"status\": 401,\n  \"detail\": \"Unauthorized\"\n}", "event": "stream_subscription_failed", "level": "warning", "timestamp": "2026-06-23T14:40:43.785561Z"}
{"event_type": "dm.received", "auth_user_id": null, "event": "stream_skipping_user_only_subscription_not_matching_auth", "level": "info", "timestamp": "2026-06-23T14:40:43.786554Z"}
{"event_type": "chat.received", "auth_user_id": null, "event": "stream_skipping_user_only_subscription_not_matching_auth", "level": "info", "timestamp": "2026-06-23T14:40:43.786877Z"}
{"hint": "Check OAuth 2.0 token validity. Run: python -c \"from tap.config import get_settings; s=get_settings(); print(s.twitter_oauth2_access_token[:20])\"", "event": "stream_all_subscriptions_failed", "level": "error", "timestamp": "2026-06-23T14:40:43.787263Z"}
{"error": "All subscription attempts failed \u2014 cannot connect to stream. OAuth 2.0 token may be expired. Refresh it or check credentials.", "reconnect_in": 60, "is_auth_failure": true, "event": "stream_connection_lost", "level": "warning", "timestamp": "2026-06-23T14:40:43.787661Z"}
{"event": "HTTP Request: POST https://api.x.com/2/oauth2/token \"HTTP/1.1 401 Unauthorized\"", "level": "info", "timestamp": "2026-06-23T14:41:44.259853Z"}
{"status": 401, "body": "{\"error\":\"unauthorized_client\",\"error_description\":\"Missing valid authorization header\"}", "event": "oauth_pkce_refresh_failed", "level": "info", "timestamp": "2026-06-23T14:41:44.260901Z"}
{"error": "unauthorized_client", "error_description": "Missing valid authorization header", "event": "oauth_pkce_refresh_error_details", "level": "warning", "timestamp": "2026-06-23T14:41:44.261956Z"}
{"event": "HTTP Request: POST https://api.x.com/2/oauth2/token \"HTTP/1.1 400 Bad Request\"", "level": "info", "timestamp": "2026-06-23T14:41:44.426274Z"}
{"status": 400, "body": "{\"error\":\"invalid_request\",\"error_description\":\"Value passed for the token was invalid.\"}", "event": "oauth_basic_auth_refresh_failed", "level": "warning", "timestamp": "2026-06-23T14:41:44.426908Z"}
{"error": "invalid_request", "error_description": "Value passed for the token was invalid.", "event": "oauth_basic_auth_refresh_error_details", "level": "warning", "timestamp": "2026-06-23T14:41:44.427403Z"}
{"hint": "Refresh token may be expired", "event": "oauth_refresh_all_failed", "level": "warning", "timestamp": "2026-06-23T14:41:44.428058Z"}
{"has_current_token": true, "event": "oauth2_refresh_failed_continuing_with_existing_token", "level": "warning", "timestamp": "2026-06-23T14:41:44.428476Z"}
{"event": "HTTP Request: GET https://api.x.com/2/users/me \"HTTP/1.1 401 Unauthorized\"", "level": "info", "timestamp": "2026-06-23T14:41:44.836962Z"}
{"auth_user_id": null, "allow_user_subs": false, "event": "stream_authenticated_user_resolved", "level": "info", "timestamp": "2026-06-23T14:41:44.840487Z"}
{"url": "https://api.x.com/2/activity/subscriptions", "event_type": "post.create", "target_user_id": "2051911746969812998", "event": "stream_creating_subscription", "level": "info", "timestamp": "2026-06-23T14:41:44.842287Z"}
{"event": "HTTP Request: POST https://api.x.com/2/activity/subscriptions \"HTTP/1.1 401 Unauthorized\"", "level": "info", "timestamp": "2026-06-23T14:41:45.311816Z"}
{"event_type": "post.create", "status": 401, "body": "{\n  \"title\": \"Unauthorized\",\n  \"type\": \"about:blank\",\n  \"status\": 401,\n  \"detail\": \"Unauthorized\"\n}", "event": "stream_subscription_failed", "level": "warning", "timestamp": "2026-06-23T14:41:45.312268Z"}
{"url": "https://api.x.com/2/activity/subscriptions", "event_type": "post.delete", "target_user_id": "2051911746969812998", "event": "stream_creating_subscription", "level": "info", "timestamp": "2026-06-23T14:41:45.312920Z"}
{"event": "HTTP Request: POST https://api.x.com/2/activity/subscriptions \"HTTP/1.1 401 Unauthorized\"", "level": "info", "timestamp": "2026-06-23T14:41:45.745621Z"}
{"event_type": "post.delete", "status": 401, "body": "{\n  \"title\": \"Unauthorized\",\n  \"type\": \"about:blank\",\n  \"status\": 401,\n  \"detail\": \"Unauthorized\"\n}", "event": "stream_subscription_failed", "level": "warning", "timestamp": "2026-06-23T14:41:45.748175Z"}
{"event_type": "dm.received", "auth_user_id": null, "event": "stream_skipping_user_only_subscription_not_matching_auth", "level": "info", "timestamp": "2026-06-23T14:41:45.750721Z"}
{"event_type": "chat.received", "auth_user_id": null, "event": "stream_skipping_user_only_subscription_not_matching_auth", "level": "info", "timestamp": "2026-06-23T14:41:45.752679Z"}
{"hint": "Check OAuth 2.0 token validity. Run: python -c \"from tap.config import get_settings; s=get_settings(); print(s.twitter_oauth2_access_token[:20])\"", "event": "stream_all_subscriptions_failed", "level": "error", "timestamp": "2026-06-23T14:41:45.753905Z"}
{"error": "All subscription attempts failed \u2014 cannot connect to stream. OAuth 2.0 token may be expired. Refresh it or check credentials.", "reconnect_in": 60, "is_auth_failure": true, "event": "stream_connection_lost", "level": "warning", "timestamp": "2026-06-23T14:41:45.754782Z"}
{"event": "HTTP Request: POST https://api.x.com/2/oauth2/token \"HTTP/1.1 401 Unauthorized\"", "level": "info", "timestamp": "2026-06-23T14:42:46.224119Z"}
{"status": 401, "body": "{\"error\":\"unauthorized_client\",\"error_description\":\"Missing valid authorization header\"}", "event": "oauth_pkce_refresh_failed", "level": "info", "timestamp": "2026-06-23T14:42:46.227723Z"}
{"error": "unauthorized_client", "error_description": "Missing valid authorization header", "event": "oauth_pkce_refresh_error_details", "level": "warning", "timestamp": "2026-06-23T14:42:46.230376Z"}
{"event": "HTTP Request: POST https://api.x.com/2/oauth2/token \"HTTP/1.1 400 Bad Request\"", "level": "info", "timestamp": "2026-06-23T14:42:46.369762Z"}
{"status": 400, "body": "{\"error\":\"invalid_request\",\"error_description\":\"Value passed for the token was invalid.\"}", "event": "oauth_basic_auth_refresh_failed", "level": "warning", "timestamp": "2026-06-23T14:42:46.370246Z"}
{"error": "invalid_request", "error_description": "Value passed for the token was invalid.", "event": "oauth_basic_auth_refresh_error_details", "level": "warning", "timestamp": "2026-06-23T14:42:46.371359Z"}
{"hint": "Refresh token may be expired", "event": "oauth_refresh_all_failed", "level": "warning", "timestamp": "2026-06-23T14:42:46.371993Z"}
{"has_current_token": true, "event": "oauth2_refresh_failed_continuing_with_existing_token", "level": "warning", "timestamp": "2026-06-23T14:42:46.372402Z"}
{"event": "HTTP Request: GET https://api.x.com/2/users/me \"HTTP/1.1 401 Unauthorized\"", "level": "info", "timestamp": "2026-06-23T14:42:46.792095Z"}
{"auth_user_id": null, "allow_user_subs": false, "event": "stream_authenticated_user_resolved", "level": "info", "timestamp": "2026-06-23T14:42:46.793429Z"}
{"url": "https://api.x.com/2/activity/subscriptions", "event_type": "post.create", "target_user_id": "2051911746969812998", "event": "stream_creating_subscription", "level": "info", "timestamp": "2026-06-23T14:42:46.794328Z"}
{"event": "HTTP Request: POST https://api.x.com/2/activity/subscriptions \"HTTP/1.1 401 Unauthorized\"", "level": "info", "timestamp": "2026-06-23T14:42:47.241314Z"}
{"event_type": "post.create", "status": 401, "body": "{\n  \"title\": \"Unauthorized\",\n  \"type\": \"about:blank\",\n  \"status\": 401,\n  \"detail\": \"Unauthorized\"\n}", "event": "stream_subscription_failed", "level": "warning", "timestamp": "2026-06-23T14:42:47.243012Z"}
{"url": "https://api.x.com/2/activity/subscriptions", "event_type": "post.delete", "target_user_id": "2051911746969812998", "event": "stream_creating_subscription", "level": "info", "timestamp": "2026-06-23T14:42:47.244801Z"}
{"event": "HTTP Request: POST https://api.x.com/2/activity/subscriptions \"HTTP/1.1 401 Unauthorized\"", "level": "info", "timestamp": "2026-06-23T14:42:47.690648Z"}
{"event_type": "post.delete", "status": 401, "body": "{\n  \"title\": \"Unauthorized\",\n  \"type\": \"about:blank\",\n  \"status\": 401,\n  \"detail\": \"Unauthorized\"\n}", "event": "stream_subscription_failed", "level": "warning", "timestamp": "2026-06-23T14:42:47.691594Z"}
{"event_type": "dm.received", "auth_user_id": null, "event": "stream_skipping_user_only_subscription_not_matching_auth", "level": "info", "timestamp": "2026-06-23T14:42:47.693215Z"}
{"event_type": "chat.received", "auth_user_id": null, "event": "stream_skipping_user_only_subscription_not_matching_auth", "level": "info", "timestamp": "2026-06-23T14:42:47.694204Z"}
{"hint": "Check OAuth 2.0 token validity. Run: python -c \"from tap.config import get_settings; s=get_settings(); print(s.twitter_oauth2_access_token[:20])\"", "event": "stream_all_subscriptions_failed", "level": "error", "timestamp": "2026-06-23T14:42:47.694999Z"}
{"error": "All subscription attempts failed \u2014 cannot connect to stream. OAuth 2.0 token may be expired. Refresh it or check credentials.", "reconnect_in": 60, "is_auth_failure": true, "event": "stream_connection_lost", "level": "warning", "timestamp": "2026-06-23T14:42:47.695671Z"}
{"event": "HTTP Request: POST https://api.x.com/2/oauth2/token \"HTTP/1.1 401 Unauthorized\"", "level": "info", "timestamp": "2026-06-23T14:43:48.141576Z"}
{"status": 401, "body": "{\"error\":\"unauthorized_client\",\"error_description\":\"Missing valid authorization header\"}", "event": "oauth_pkce_refresh_failed", "level": "info", "timestamp": "2026-06-23T14:43:48.142147Z"}
{"error": "unauthorized_client", "error_description": "Missing valid authorization header", "event": "oauth_pkce_refresh_error_details", "level": "warning", "timestamp": "2026-06-23T14:43:48.143887Z"}
{"event": "HTTP Request: POST https://api.x.com/2/oauth2/token \"HTTP/1.1 400 Bad Request\"", "level": "info", "timestamp": "2026-06-23T14:43:48.291413Z"}
{"status": 400, "body": "{\"error\":\"invalid_request\",\"error_description\":\"Value passed for the token was invalid.\"}", "event": "oauth_basic_auth_refresh_failed", "level": "warning", "timestamp": "2026-06-23T14:43:48.297866Z"}
{"error": "invalid_request", "error_description": "Value passed for the token was invalid.", "event": "oauth_basic_auth_refresh_error_details", "level": "warning", "timestamp": "2026-06-23T14:43:48.299123Z"}
{"hint": "Refresh token may be expired", "event": "oauth_refresh_all_failed", "level": "warning", "timestamp": "2026-06-23T14:43:48.300643Z"}
{"has_current_token": true, "event": "oauth2_refresh_failed_continuing_with_existing_token", "level": "warning", "timestamp": "2026-06-23T14:43:48.301562Z"}
{"event": "HTTP Request: GET https://api.x.com/2/users/me \"HTTP/1.1 401 Unauthorized\"", "level": "info", "timestamp": "2026-06-23T14:43:48.767079Z"}
{"auth_user_id": null, "allow_user_subs": false, "event": "stream_authenticated_user_resolved", "level": "info", "timestamp": "2026-06-23T14:43:48.768103Z"}
{"url": "https://api.x.com/2/activity/subscriptions", "event_type": "post.create", "target_user_id": "2051911746969812998", "event": "stream_creating_subscription", "level": "info", "timestamp": "2026-06-23T14:43:48.768952Z"}
{"event": "HTTP Request: POST https://api.x.com/2/activity/subscriptions \"HTTP/1.1 401 Unauthorized\"", "level": "info", "timestamp": "2026-06-23T14:43:49.193019Z"}
{"event_type": "post.create", "status": 401, "body": "{\n  \"title\": \"Unauthorized\",\n  \"type\": \"about:blank\",\n  \"status\": 401,\n  \"detail\": \"Unauthorized\"\n}", "event": "stream_subscription_failed", "level": "warning", "timestamp": "2026-06-23T14:43:49.193865Z"}
{"url": "https://api.x.com/2/activity/subscriptions", "event_type": "post.delete", "target_user_id": "2051911746969812998", "event": "stream_creating_subscription", "level": "info", "timestamp": "2026-06-23T14:43:49.194755Z"}
{"event": "HTTP Request: POST https://api.x.com/2/activity/subscriptions \"HTTP/1.1 401 Unauthorized\"", "level": "info", "timestamp": "2026-06-23T14:43:49.664637Z"}
{"event_type": "post.delete", "status": 401, "body": "{\n  \"title\": \"Unauthorized\",\n  \"type\": \"about:blank\",\n  \"status\": 401,\n  \"detail\": \"Unauthorized\"\n}", "event": "stream_subscription_failed", "level": "warning", "timestamp": "2026-06-23T14:43:49.665034Z"}
{"event_type": "dm.received", "auth_user_id": null, "event": "stream_skipping_user_only_subscription_not_matching_auth", "level": "info", "timestamp": "2026-06-23T14:43:49.665444Z"}
{"event_type": "chat.received", "auth_user_id": null, "event": "stream_skipping_user_only_subscription_not_matching_auth", "level": "info", "timestamp": "2026-06-23T14:43:49.665853Z"}
{"hint": "Check OAuth 2.0 token validity. Run: python -c \"from tap.config import get_settings; s=get_settings(); print(s.twitter_oauth2_access_token[:20])\"", "event": "stream_all_subscriptions_failed", "level": "error", "timestamp": "2026-06-23T14:43:49.666406Z"}
{"error": "All subscription attempts failed \u2014 cannot connect to stream. OAuth 2.0 token may be expired. Refresh it or check credentials.", "reconnect_in": 60, "is_auth_failure": true, "event": "stream_connection_lost", "level": "warning", "timestamp": "2026-06-23T14:43:49.667072Z"}
{"event": "HTTP Request: POST https://api.x.com/2/oauth2/token \"HTTP/1.1 401 Unauthorized\"", "level": "info", "timestamp": "2026-06-23T14:44:50.108892Z"}
{"status": 401, "body": "{\"error\":\"unauthorized_client\",\"error_description\":\"Missing valid authorization header\"}", "event": "oauth_pkce_refresh_failed", "level": "info", "timestamp": "2026-06-23T14:44:50.109542Z"}
{"error": "unauthorized_client", "error_description": "Missing valid authorization header", "event": "oauth_pkce_refresh_error_details", "level": "warning", "timestamp": "2026-06-23T14:44:50.110008Z"}
{"event": "HTTP Request: POST https://api.x.com/2/oauth2/token \"HTTP/1.1 400 Bad Request\"", "level": "info", "timestamp": "2026-06-23T14:44:50.251538Z"}
{"status": 400, "body": "{\"error\":\"invalid_request\",\"error_description\":\"Value passed for the token was invalid.\"}", "event": "oauth_basic_auth_refresh_failed", "level": "warning", "timestamp": "2026-06-23T14:44:50.252711Z"}
{"error": "invalid_request", "error_description": "Value passed for the token was invalid.", "event": "oauth_basic_auth_refresh_error_details", "level": "warning", "timestamp": "2026-06-23T14:44:50.253803Z"}
{"hint": "Refresh token may be expired", "event": "oauth_refresh_all_failed", "level": "warning", "timestamp": "2026-06-23T14:44:50.254782Z"}
{"has_current_token": true, "event": "oauth2_refresh_failed_continuing_with_existing_token", "level": "warning", "timestamp": "2026-06-23T14:44:50.255380Z"}
{"event": "HTTP Request: GET https://api.x.com/2/users/me \"HTTP/1.1 401 Unauthorized\"", "level": "info", "timestamp": "2026-06-23T14:44:50.750997Z"}
{"auth_user_id": null, "allow_user_subs": false, "event": "stream_authenticated_user_resolved", "level": "info", "timestamp": "2026-06-23T14:44:50.751692Z"}
{"url": "https://api.x.com/2/activity/subscriptions", "event_type": "post.create", "target_user_id": "2051911746969812998", "event": "stream_creating_subscription", "level": "info", "timestamp": "2026-06-23T14:44:50.752055Z"}
{"event": "HTTP Request: POST https://api.x.com/2/activity/subscriptions \"HTTP/1.1 401 Unauthorized\"", "level": "info", "timestamp": "2026-06-23T14:44:51.161813Z"}
{"event_type": "post.create", "status": 401, "body": "{\n  \"title\": \"Unauthorized\",\n  \"type\": \"about:blank\",\n  \"status\": 401,\n  \"detail\": \"Unauthorized\"\n}", "event": "stream_subscription_failed", "level": "warning", "timestamp": "2026-06-23T14:44:51.162183Z"}
{"url": "https://api.x.com/2/activity/subscriptions", "event_type": "post.delete", "target_user_id": "2051911746969812998", "event": "stream_creating_subscription", "level": "info", "timestamp": "2026-06-23T14:44:51.162529Z"}
{"event": "HTTP Request: POST https://api.x.com/2/activity/subscriptions \"HTTP/1.1 401 Unauthorized\"", "level": "info", "timestamp": "2026-06-23T14:44:51.622458Z"}
{"event_type": "post.delete", "status": 401, "body": "{\n  \"title\": \"Unauthorized\",\n  \"type\": \"about:blank\",\n  \"status\": 401,\n  \"detail\": \"Unauthorized\"\n}", "event": "stream_subscription_failed", "level": "warning", "timestamp": "2026-06-23T14:44:51.622823Z"}
{"event_type": "dm.received", "auth_user_id": null, "event": "stream_skipping_user_only_subscription_not_matching_auth", "level": "info", "timestamp": "2026-06-23T14:44:51.623215Z"}
{"event_type": "chat.received", "auth_user_id": null, "event": "stream_skipping_user_only_subscription_not_matching_auth", "level": "info", "timestamp": "2026-06-23T14:44:51.623740Z"}
{"hint": "Check OAuth 2.0 token validity. Run: python -c \"from tap.config import get_settings; s=get_settings(); print(s.twitter_oauth2_access_token[:20])\"", "event": "stream_all_subscriptions_failed", "level": "error", "timestamp": "2026-06-23T14:44:51.624258Z"}
{"error": "All subscription attempts failed \u2014 cannot connect to stream. OAuth 2.0 token may be expired. Refresh it or check credentials.", "reconnect_in": 60, "is_auth_failure": true, "event": "stream_connection_lost", "level": "warning", "timestamp": "2026-06-23T14:44:51.624649Z"}
{"event": "HTTP Request: POST https://api.x.com/2/oauth2/token \"HTTP/1.1 401 Unauthorized\"", "level": "info", "timestamp": "2026-06-23T14:45:52.157418Z"}
{"status": 401, "body": "{\"error\":\"unauthorized_client\",\"error_description\":\"Missing valid authorization header\"}", "event": "oauth_pkce_refresh_failed", "level": "info", "timestamp": "2026-06-23T14:45:52.157793Z"}
{"error": "unauthorized_client", "error_description": "Missing valid authorization header", "event": "oauth_pkce_refresh_error_details", "level": "warning", "timestamp": "2026-06-23T14:45:52.158127Z"}
{"event": "HTTP Request: POST https://api.x.com/2/oauth2/token \"HTTP/1.1 400 Bad Request\"", "level": "info", "timestamp": "2026-06-23T14:45:52.302519Z"}
{"status": 400, "body": "{\"error\":\"invalid_request\",\"error_description\":\"Value passed for the token was invalid.\"}", "event": "oauth_basic_auth_refresh_failed", "level": "warning", "timestamp": "2026-06-23T14:45:52.303018Z"}
{"error": "invalid_request", "error_description": "Value passed for the token was invalid.", "event": "oauth_basic_auth_refresh_error_details", "level": "warning", "timestamp": "2026-06-23T14:45:52.304870Z"}
{"hint": "Refresh token may be expired", "event": "oauth_refresh_all_failed", "level": "warning", "timestamp": "2026-06-23T14:45:52.307114Z"}
{"has_current_token": true, "event": "oauth2_refresh_failed_continuing_with_existing_token", "level": "warning", "timestamp": "2026-06-23T14:45:52.308479Z"}
{"event": "HTTP Request: GET https://api.x.com/2/users/me \"HTTP/1.1 401 Unauthorized\"", "level": "info", "timestamp": "2026-06-23T14:45:52.732492Z"}
{"auth_user_id": null, "allow_user_subs": false, "event": "stream_authenticated_user_resolved", "level": "info", "timestamp": "2026-06-23T14:45:52.736246Z"}
{"url": "https://api.x.com/2/activity/subscriptions", "event_type": "post.create", "target_user_id": "2051911746969812998", "event": "stream_creating_subscription", "level": "info", "timestamp": "2026-06-23T14:45:52.736746Z"}
{"event": "HTTP Request: POST https://api.x.com/2/activity/subscriptions \"HTTP/1.1 401 Unauthorized\"", "level": "info", "timestamp": "2026-06-23T14:45:53.240298Z"}
{"event_type": "post.create", "status": 401, "body": "{\n  \"title\": \"Unauthorized\",\n  \"type\": \"about:blank\",\n  \"status\": 401,\n  \"detail\": \"Unauthorized\"\n}", "event": "stream_subscription_failed", "level": "warning", "timestamp": "2026-06-23T14:45:53.243170Z"}
{"url": "https://api.x.com/2/activity/subscriptions", "event_type": "post.delete", "target_user_id": "2051911746969812998", "event": "stream_creating_subscription", "level": "info", "timestamp": "2026-06-23T14:45:53.247262Z"}
{"event": "HTTP Request: POST https://api.x.com/2/activity/subscriptions \"HTTP/1.1 401 Unauthorized\"", "level": "info", "timestamp": "2026-06-23T14:45:53.680065Z"}
{"event_type": "post.delete", "status": 401, "body": "{\n  \"title\": \"Unauthorized\",\n  \"type\": \"about:blank\",\n  \"status\": 401,\n  \"detail\": \"Unauthorized\"\n}", "event": "stream_subscription_failed", "level": "warning", "timestamp": "2026-06-23T14:45:53.682616Z"}
{"event_type": "dm.received", "auth_user_id": null, "event": "stream_skipping_user_only_subscription_not_matching_auth", "level": "info", "timestamp": "2026-06-23T14:45:53.687888Z"}
{"event_type": "chat.received", "auth_user_id": null, "event": "stream_skipping_user_only_subscription_not_matching_auth", "level": "info", "timestamp": "2026-06-23T14:45:53.690352Z"}
{"hint": "Check OAuth 2.0 token validity. Run: python -c \"from tap.config import get_settings; s=get_settings(); print(s.twitter_oauth2_access_token[:20])\"", "event": "stream_all_subscriptions_failed", "level": "error", "timestamp": "2026-06-23T14:45:53.692189Z"}
{"error": "All subscription attempts failed \u2014 cannot connect to stream. OAuth 2.0 token may be expired. Refresh it or check credentials.", "reconnect_in": 60, "is_auth_failure": true, "event": "stream_connection_lost", "level": "warning", "timestamp": "2026-06-23T14:45:53.693457Z"}
{"event": "HTTP Request: POST https://api.x.com/2/oauth2/token \"HTTP/1.1 401 Unauthorized\"", "level": "info", "timestamp": "2026-06-23T14:46:54.167296Z"}
{"status": 401, "body": "{\"error\":\"unauthorized_client\",\"error_description\":\"Missing valid authorization header\"}", "event": "oauth_pkce_refresh_failed", "level": "info", "timestamp": "2026-06-23T14:46:54.168420Z"}
{"error": "unauthorized_client", "error_description": "Missing valid authorization header", "event": "oauth_pkce_refresh_error_details", "level": "warning", "timestamp": "2026-06-23T14:46:54.169092Z"}
{"event": "HTTP Request: POST https://api.x.com/2/oauth2/token \"HTTP/1.1 400 Bad Request\"", "level": "info", "timestamp": "2026-06-23T14:46:54.307796Z"}
{"status": 400, "body": "{\"error\":\"invalid_request\",\"error_description\":\"Value passed for the token was invalid.\"}", "event": "oauth_basic_auth_refresh_failed", "level": "warning", "timestamp": "2026-06-23T14:46:54.311509Z"}
{"error": "invalid_request", "error_description": "Value passed for the token was invalid.", "event": "oauth_basic_auth_refresh_error_details", "level": "warning", "timestamp": "2026-06-23T14:46:54.313341Z"}
{"hint": "Refresh token may be expired", "event": "oauth_refresh_all_failed", "level": "warning", "timestamp": "2026-06-23T14:46:54.315776Z"}
{"has_current_token": true, "event": "oauth2_refresh_failed_continuing_with_existing_token", "level": "warning", "timestamp": "2026-06-23T14:46:54.316804Z"}
{"event": "HTTP Request: GET https://api.x.com/2/users/me \"HTTP/1.1 401 Unauthorized\"", "level": "info", "timestamp": "2026-06-23T14:46:54.788117Z"}
{"auth_user_id": null, "allow_user_subs": false, "event": "stream_authenticated_user_resolved", "level": "info", "timestamp": "2026-06-23T14:46:54.788644Z"}
{"url": "https://api.x.com/2/activity/subscriptions", "event_type": "post.create", "target_user_id": "2051911746969812998", "event": "stream_creating_subscription", "level": "info", "timestamp": "2026-06-23T14:46:54.788973Z"}
{"event": "HTTP Request: POST https://api.x.com/2/activity/subscriptions \"HTTP/1.1 401 Unauthorized\"", "level": "info", "timestamp": "2026-06-23T14:46:55.219499Z"}
{"event_type": "post.create", "status": 401, "body": "{\n  \"title\": \"Unauthorized\",\n  \"type\": \"about:blank\",\n  \"status\": 401,\n  \"detail\": \"Unauthorized\"\n}", "event": "stream_subscription_failed", "level": "warning", "timestamp": "2026-06-23T14:46:55.219902Z"}
{"url": "https://api.x.com/2/activity/subscriptions", "event_type": "post.delete", "target_user_id": "2051911746969812998", "event": "stream_creating_subscription", "level": "info", "timestamp": "2026-06-23T14:46:55.220320Z"}
{"event": "HTTP Request: POST https://api.x.com/2/activity/subscriptions \"HTTP/1.1 401 Unauthorized\"", "level": "info", "timestamp": "2026-06-23T14:46:55.635027Z"}
{"event_type": "post.delete", "status": 401, "body": "{\n  \"title\": \"Unauthorized\",\n  \"type\": \"about:blank\",\n  \"status\": 401,\n  \"detail\": \"Unauthorized\"\n}", "event": "stream_subscription_failed", "level": "warning", "timestamp": "2026-06-23T14:46:55.635993Z"}
{"event_type": "dm.received", "auth_user_id": null, "event": "stream_skipping_user_only_subscription_not_matching_auth", "level": "info", "timestamp": "2026-06-23T14:46:55.637503Z"}
{"event_type": "chat.received", "auth_user_id": null, "event": "stream_skipping_user_only_subscription_not_matching_auth", "level": "info", "timestamp": "2026-06-23T14:46:55.638520Z"}
{"hint": "Check OAuth 2.0 token validity. Run: python -c \"from tap.config import get_settings; s=get_settings(); print(s.twitter_oauth2_access_token[:20])\"", "event": "stream_all_subscriptions_failed", "level": "error", "timestamp": "2026-06-23T14:46:55.639045Z"}
{"error": "All subscription attempts failed \u2014 cannot connect to stream. OAuth 2.0 token may be expired. Refresh it or check credentials.", "reconnect_in": 60, "is_auth_failure": true, "event": "stream_connection_lost", "level": "warning", "timestamp": "2026-06-23T14:46:55.643509Z"}
{"total": 1, "event": "ws_client_disconnected", "level": "info", "timestamp": "2026-06-23T14:46:59.044688Z"}
{"total": 0, "event": "ws_client_disconnected", "level": "info", "timestamp": "2026-06-23T14:46:59.050705Z"}
{"event": "stream_stopped", "level": "info", "timestamp": "2026-06-23T14:46:59.146816Z"}
{"event": "database_closed", "level": "info", "timestamp": "2026-06-23T14:46:59.159736Z"}
{"event": "api_shutdown_complete", "level": "info", "timestamp": "2026-06-23T14:46:59.160279Z"}
{"event": "stream_stopped", "level": "info", "timestamp": "2026-06-23T14:47:02.451096Z"}
{"event": "database_closed", "level": "info", "timestamp": "2026-06-23T14:47:02.465824Z"}
{"event": "api_shutdown_complete", "level": "info", "timestamp": "2026-06-23T14:47:02.466413Z"}
